==============================================================================
parallelTests                                                                 
==============================================================================
parallelTests.VariableSample                                                  
==============================================================================
Print Scalar Variable Values                                          | PASS |
------------------------------------------------------------------------------
Using List                                                            | PASS |
------------------------------------------------------------------------------
Using Dictionary                                                      "Value of b",20
| PASS |
------------------------------------------------------------------------------
Using Environment Variable                                            http://dev.demo.com
http://test.demo.com
| PASS |
------------------------------------------------------------------------------
Environment variables                                                 | PASS |
------------------------------------------------------------------------------
parallelTests.VariableSample                                          | PASS |
5 tests, 5 passed, 0 failed
==============================================================================
parallelTests                                                         | PASS |
5 tests, 5 passed, 0 failed
==============================================================================
Output:  F:\Anandhi\workspace\robotframework\FirstSampleProj\pabot_results\1\output.xml
